{"/Users/danielserrato/Desktop/Rest_Api_Server/src/Routes.ts": {"path":"/Users/danielserrato/Desktop/Rest_Api_Server/src/Routes.ts","statementMap":{"0":{"start":{"line":1,"column":0},"end":{"line":1,"column":32}},"1":{"start":{"line":2,"column":0},"end":{"line":2,"column":125}},"2":{"start":{"line":3,"column":0},"end":{"line":3,"column":65}},"3":{"start":{"line":4,"column":0},"end":{"line":4,"column":54}},"4":{"start":{"line":8,"column":14},"end":{"line":8,"column":22}},"5":{"start":{"line":10,"column":0},"end":{"line":10,"column":null}},"6":{"start":{"line":12,"column":0},"end":{"line":12,"column":null}},"7":{"start":{"line":14,"column":0},"end":{"line":31,"column":null}},"8":{"start":{"line":25,"column":25},"end":{"line":25,"column":34}},"9":{"start":{"line":35,"column":0},"end":{"line":53,"column":null}},"10":{"start":{"line":57,"column":0},"end":{"line":57,"column":null}},"11":{"start":{"line":59,"column":0},"end":{"line":59,"column":null}},"12":{"start":{"line":61,"column":0},"end":{"line":61,"column":null}}},"fnMap":{"0":{"name":"(anonymous_0)","decl":{"start":{"line":25,"column":16},"end":{"line":25,"column":21}},"loc":{"start":{"line":25,"column":25},"end":{"line":25,"column":34}}}},"branchMap":{},"s":{"0":2,"1":2,"2":2,"3":2,"4":2,"5":2,"6":2,"7":2,"8":4,"9":2,"10":2,"11":2,"12":2},"f":{"0":4},"b":{}}
,"/Users/danielserrato/Desktop/Rest_Api_Server/src/Server.ts": {"path":"/Users/danielserrato/Desktop/Rest_Api_Server/src/Server.ts","statementMap":{"0":{"start":{"line":2,"column":0},"end":{"line":2,"column":29}},"1":{"start":{"line":3,"column":0},"end":{"line":3,"column":29}},"2":{"start":{"line":9,"column":15},"end":{"line":9,"column":24}},"3":{"start":{"line":12,"column":0},"end":{"line":12,"column":null}},"4":{"start":{"line":14,"column":0},"end":{"line":14,"column":null}},"5":{"start":{"line":16,"column":0},"end":{"line":16,"column":null}}},"fnMap":{},"branchMap":{},"s":{"0":2,"1":2,"2":2,"3":2,"4":2,"5":2},"f":{},"b":{}}
,"/Users/danielserrato/Desktop/Rest_Api_Server/src/Backend/Config/Mysql.ts": {"path":"/Users/danielserrato/Desktop/Rest_Api_Server/src/Backend/Config/Mysql.ts","statementMap":{"0":{"start":{"line":2,"column":0},"end":{"line":2,"column":46}},"1":{"start":{"line":3,"column":0},"end":{"line":3,"column":27}},"2":{"start":{"line":4,"column":0},"end":{"line":4,"column":48}},"3":{"start":{"line":5,"column":0},"end":{"line":5,"column":null}},"4":{"start":{"line":9,"column":17},"end":{"line":17,"column":2}},"5":{"start":{"line":19,"column":0},"end":{"line":19,"column":null}}},"fnMap":{},"branchMap":{},"s":{"0":2,"1":2,"2":2,"3":2,"4":2,"5":2},"f":{},"b":{}}
,"/Users/danielserrato/Desktop/Rest_Api_Server/src/Backend/Handlers/Producto.ts": {"path":"/Users/danielserrato/Desktop/Rest_Api_Server/src/Backend/Handlers/Producto.ts","statementMap":{"0":{"start":{"line":3,"column":0},"end":{"line":3,"column":40}},"1":{"start":{"line":4,"column":0},"end":{"line":4,"column":48}},"2":{"start":{"line":9,"column":29},"end":{"line":22,"column":null}},"3":{"start":{"line":9,"column":64},"end":{"line":22,"column":null}},"4":{"start":{"line":11,"column":4},"end":{"line":21,"column":5}},"5":{"start":{"line":12,"column":25},"end":{"line":17,"column":10}},"6":{"start":{"line":18,"column":8},"end":{"line":18,"column":null}},"7":{"start":{"line":9,"column":13},"end":{"line":9,"column":29}},"8":{"start":{"line":24,"column":30},"end":{"line":39,"column":null}},"9":{"start":{"line":24,"column":65},"end":{"line":39,"column":null}},"10":{"start":{"line":26,"column":4},"end":{"line":37,"column":5}},"11":{"start":{"line":27,"column":20},"end":{"line":27,"column":30}},"12":{"start":{"line":28,"column":24},"end":{"line":28,"column":52}},"13":{"start":{"line":29,"column":7},"end":{"line":33,"column":8}},"14":{"start":{"line":30,"column":8},"end":{"line":32,"column":null}},"15":{"start":{"line":34,"column":8},"end":{"line":34,"column":null}},"16":{"start":{"line":24,"column":13},"end":{"line":24,"column":30}},"17":{"start":{"line":42,"column":32},"end":{"line":60,"column":null}},"18":{"start":{"line":42,"column":69},"end":{"line":60,"column":null}},"19":{"start":{"line":46,"column":4},"end":{"line":46,"column":null}},"20":{"start":{"line":47,"column":4},"end":{"line":50,"column":null}},"21":{"start":{"line":49,"column":41},"end":{"line":49,"column":50}},"22":{"start":{"line":53,"column":4},"end":{"line":58,"column":5}},"23":{"start":{"line":54,"column":25},"end":{"line":54,"column":57}},"24":{"start":{"line":55,"column":10},"end":{"line":55,"column":null}},"25":{"start":{"line":42,"column":14},"end":{"line":42,"column":32}},"26":{"start":{"line":62,"column":25},"end":{"line":74,"column":null}},"27":{"start":{"line":62,"column":62},"end":{"line":74,"column":null}},"28":{"start":{"line":63,"column":17},"end":{"line":63,"column":27}},"29":{"start":{"line":64,"column":24},"end":{"line":64,"column":52}},"30":{"start":{"line":65,"column":7},"end":{"line":69,"column":5}},"31":{"start":{"line":66,"column":8},"end":{"line":68,"column":null}},"32":{"start":{"line":71,"column":4},"end":{"line":71,"column":null}},"33":{"start":{"line":72,"column":4},"end":{"line":72,"column":null}},"34":{"start":{"line":73,"column":4},"end":{"line":73,"column":null}},"35":{"start":{"line":62,"column":13},"end":{"line":62,"column":25}},"36":{"start":{"line":76,"column":31},"end":{"line":88,"column":null}},"37":{"start":{"line":76,"column":68},"end":{"line":88,"column":null}},"38":{"start":{"line":77,"column":17},"end":{"line":77,"column":27}},"39":{"start":{"line":78,"column":24},"end":{"line":78,"column":52}},"40":{"start":{"line":79,"column":7},"end":{"line":83,"column":5}},"41":{"start":{"line":80,"column":8},"end":{"line":82,"column":null}},"42":{"start":{"line":85,"column":4},"end":{"line":85,"column":null}},"43":{"start":{"line":86,"column":4},"end":{"line":86,"column":null}},"44":{"start":{"line":87,"column":4},"end":{"line":87,"column":null}},"45":{"start":{"line":76,"column":13},"end":{"line":76,"column":31}},"46":{"start":{"line":89,"column":22},"end":{"line":101,"column":null}},"47":{"start":{"line":89,"column":60},"end":{"line":101,"column":null}},"48":{"start":{"line":90,"column":17},"end":{"line":90,"column":27}},"49":{"start":{"line":91,"column":24},"end":{"line":91,"column":52}},"50":{"start":{"line":92,"column":7},"end":{"line":96,"column":5}},"51":{"start":{"line":93,"column":8},"end":{"line":95,"column":null}},"52":{"start":{"line":98,"column":4},"end":{"line":98,"column":null}},"53":{"start":{"line":99,"column":4},"end":{"line":99,"column":null}},"54":{"start":{"line":89,"column":13},"end":{"line":89,"column":22}}},"fnMap":{"0":{"name":"(anonymous_8)","decl":{"start":{"line":9,"column":29},"end":{"line":9,"column":36}},"loc":{"start":{"line":9,"column":64},"end":{"line":22,"column":null}}},"1":{"name":"(anonymous_9)","decl":{"start":{"line":9,"column":64},"end":{"line":9,"column":null}},"loc":{"start":{"line":9,"column":64},"end":{"line":22,"column":1}}},"2":{"name":"(anonymous_10)","decl":{"start":{"line":24,"column":30},"end":{"line":24,"column":37}},"loc":{"start":{"line":24,"column":65},"end":{"line":39,"column":null}}},"3":{"name":"(anonymous_11)","decl":{"start":{"line":24,"column":65},"end":{"line":24,"column":null}},"loc":{"start":{"line":24,"column":65},"end":{"line":39,"column":1}}},"4":{"name":"(anonymous_12)","decl":{"start":{"line":42,"column":32},"end":{"line":42,"column":39}},"loc":{"start":{"line":42,"column":69},"end":{"line":60,"column":null}}},"5":{"name":"(anonymous_13)","decl":{"start":{"line":42,"column":69},"end":{"line":42,"column":null}},"loc":{"start":{"line":42,"column":69},"end":{"line":60,"column":1}}},"6":{"name":"(anonymous_14)","decl":{"start":{"line":49,"column":32},"end":{"line":49,"column":37}},"loc":{"start":{"line":49,"column":41},"end":{"line":49,"column":50}}},"7":{"name":"(anonymous_15)","decl":{"start":{"line":62,"column":25},"end":{"line":62,"column":32}},"loc":{"start":{"line":62,"column":62},"end":{"line":74,"column":null}}},"8":{"name":"(anonymous_16)","decl":{"start":{"line":62,"column":62},"end":{"line":62,"column":null}},"loc":{"start":{"line":62,"column":62},"end":{"line":74,"column":1}}},"9":{"name":"(anonymous_17)","decl":{"start":{"line":76,"column":31},"end":{"line":76,"column":38}},"loc":{"start":{"line":76,"column":68},"end":{"line":88,"column":null}}},"10":{"name":"(anonymous_18)","decl":{"start":{"line":76,"column":68},"end":{"line":76,"column":null}},"loc":{"start":{"line":76,"column":68},"end":{"line":88,"column":1}}},"11":{"name":"(anonymous_19)","decl":{"start":{"line":89,"column":22},"end":{"line":89,"column":29}},"loc":{"start":{"line":89,"column":60},"end":{"line":101,"column":null}}},"12":{"name":"(anonymous_20)","decl":{"start":{"line":89,"column":60},"end":{"line":89,"column":null}},"loc":{"start":{"line":89,"column":60},"end":{"line":101,"column":1}}}},"branchMap":{"0":{"loc":{"start":{"line":29,"column":7},"end":{"line":33,"column":8}},"type":"if","locations":[{"start":{"line":29,"column":7},"end":{"line":33,"column":8}},{"start":{},"end":{}}]},"1":{"loc":{"start":{"line":65,"column":7},"end":{"line":69,"column":5}},"type":"if","locations":[{"start":{"line":65,"column":7},"end":{"line":69,"column":5}},{"start":{},"end":{}}]},"2":{"loc":{"start":{"line":79,"column":7},"end":{"line":83,"column":5}},"type":"if","locations":[{"start":{"line":79,"column":7},"end":{"line":83,"column":5}},{"start":{},"end":{}}]},"3":{"loc":{"start":{"line":92,"column":7},"end":{"line":96,"column":5}},"type":"if","locations":[{"start":{"line":92,"column":7},"end":{"line":96,"column":5}},{"start":{},"end":{}}]}},"s":{"0":2,"1":2,"2":2,"3":3,"4":3,"5":3,"6":3,"7":2,"8":2,"9":2,"10":2,"11":2,"12":2,"13":2,"14":1,"15":1,"16":2,"17":2,"18":1,"19":1,"20":1,"21":1,"22":1,"23":1,"24":1,"25":2,"26":2,"27":0,"28":0,"29":0,"30":0,"31":0,"32":0,"33":0,"34":0,"35":2,"36":2,"37":2,"38":2,"39":2,"40":2,"41":1,"42":1,"43":1,"44":1,"45":2,"46":2,"47":2,"48":2,"49":2,"50":2,"51":1,"52":1,"53":1,"54":2},"f":{"0":3,"1":3,"2":2,"3":2,"4":1,"5":1,"6":1,"7":0,"8":0,"9":2,"10":2,"11":2,"12":2},"b":{"0":[1,1],"1":[0,0],"2":[1,1],"3":[1,1]}}
,"/Users/danielserrato/Desktop/Rest_Api_Server/src/Backend/Models/Producto.model.ts": {"path":"/Users/danielserrato/Desktop/Rest_Api_Server/src/Backend/Models/Producto.model.ts","statementMap":{"0":{"start":{"line":2,"column":0},"end":{"line":2,"column":73}},"1":{"start":{"line":10,"column":0},"end":{"line":26,"column":null}},"2":{"start":{"line":14,"column":12},"end":{"line":14,"column":null}},"3":{"start":{"line":19,"column":12},"end":{"line":19,"column":null}},"4":{"start":{"line":25,"column":12},"end":{"line":25,"column":null}},"5":{"start":{"line":10,"column":6},"end":{"line":26,"column":null}},"6":{"start":{"line":28,"column":0},"end":{"line":28,"column":null}}},"fnMap":{},"branchMap":{"0":{"loc":{"start":{"line":14,"column":17},"end":{"line":14,"column":null}},"type":"cond-expr","locations":[{"start":{"line":14,"column":23},"end":{"line":14,"column":null}},{"start":{"line":14,"column":23},"end":{"line":14,"column":null}}]},"1":{"loc":{"start":{"line":14,"column":17},"end":{"line":14,"column":23}},"type":"binary-expr","locations":[{"start":{"line":14,"column":17},"end":{"line":14,"column":null}},{"start":{"line":14,"column":17},"end":{"line":14,"column":23}}]}},"s":{"0":2,"1":2,"2":2,"3":2,"4":2,"5":2,"6":2},"f":{},"b":{"0":[2,0],"1":[2,2]}}
,"/Users/danielserrato/Desktop/Rest_Api_Server/src/Backend/middleware/indexWare.ts": {"path":"/Users/danielserrato/Desktop/Rest_Api_Server/src/Backend/middleware/indexWare.ts","statementMap":{"0":{"start":{"line":2,"column":0},"end":{"line":2,"column":50}},"1":{"start":{"line":6,"column":32},"end":{"line":12,"column":1}},"2":{"start":{"line":7,"column":19},"end":{"line":7,"column":40}},"3":{"start":{"line":8,"column":4},"end":{"line":10,"column":5}},"4":{"start":{"line":9,"column":8},"end":{"line":9,"column":null}},"5":{"start":{"line":11,"column":4},"end":{"line":11,"column":null}},"6":{"start":{"line":6,"column":13},"end":{"line":6,"column":32}}},"fnMap":{"0":{"name":"(anonymous_0)","decl":{"start":{"line":6,"column":32},"end":{"line":6,"column":33}},"loc":{"start":{"line":6,"column":83},"end":{"line":12,"column":1}}}},"branchMap":{"0":{"loc":{"start":{"line":8,"column":4},"end":{"line":10,"column":5}},"type":"if","locations":[{"start":{"line":8,"column":4},"end":{"line":10,"column":5}},{"start":{},"end":{}}]}},"s":{"0":2,"1":2,"2":13,"3":13,"4":6,"5":7,"6":2},"f":{"0":13},"b":{"0":[6,7]}}
}
