TN:
SF:src/Routes.ts
FN:25,(anonymous_0)
FNF:1
FNH:1
FNDA:4,(anonymous_0)
DA:1,2
DA:2,2
DA:3,2
DA:4,2
DA:8,2
DA:10,2
DA:12,2
DA:14,2
DA:25,4
DA:35,2
DA:57,2
DA:59,2
DA:61,2
LF:13
LH:13
BRF:0
BRH:0
end_of_record
TN:
SF:src/Server.ts
FNF:0
FNH:0
DA:2,2
DA:3,2
DA:9,2
DA:12,2
DA:14,2
DA:16,2
LF:6
LH:6
BRF:0
BRH:0
end_of_record
TN:
SF:src/Backend/Config/Mysql.ts
FNF:0
FNH:0
DA:2,2
DA:3,2
DA:4,2
DA:5,2
DA:9,2
DA:19,2
LF:6
LH:6
BRF:0
BRH:0
end_of_record
TN:
SF:src/Backend/Handlers/Producto.ts
FN:9,(anonymous_8)
FN:9,(anonymous_9)
FN:24,(anonymous_10)
FN:24,(anonymous_11)
FN:42,(anonymous_12)
FN:42,(anonymous_13)
FN:49,(anonymous_14)
FN:62,(anonymous_15)
FN:62,(anonymous_16)
FN:76,(anonymous_17)
FN:76,(anonymous_18)
FN:89,(anonymous_19)
FN:89,(anonymous_20)
FNF:13
FNH:11
FNDA:3,(anonymous_8)
FNDA:3,(anonymous_9)
FNDA:2,(anonymous_10)
FNDA:2,(anonymous_11)
FNDA:1,(anonymous_12)
FNDA:1,(anonymous_13)
FNDA:1,(anonymous_14)
FNDA:0,(anonymous_15)
FNDA:0,(anonymous_16)
FNDA:2,(anonymous_17)
FNDA:2,(anonymous_18)
FNDA:2,(anonymous_19)
FNDA:2,(anonymous_20)
DA:3,2
DA:4,2
DA:9,3
DA:11,3
DA:12,3
DA:18,3
DA:24,2
DA:26,2
DA:27,2
DA:28,2
DA:29,2
DA:30,1
DA:34,1
DA:42,2
DA:46,1
DA:47,1
DA:49,1
DA:53,1
DA:54,1
DA:55,1
DA:62,2
DA:63,0
DA:64,0
DA:65,0
DA:66,0
DA:71,0
DA:72,0
DA:73,0
DA:76,2
DA:77,2
DA:78,2
DA:79,2
DA:80,1
DA:85,1
DA:86,1
DA:87,1
DA:89,2
DA:90,2
DA:91,2
DA:92,2
DA:93,1
DA:98,1
DA:99,1
LF:43
LH:36
BRDA:29,0,0,1
BRDA:29,0,1,1
BRDA:65,1,0,0
BRDA:65,1,1,0
BRDA:79,2,0,1
BRDA:79,2,1,1
BRDA:92,3,0,1
BRDA:92,3,1,1
BRF:8
BRH:6
end_of_record
TN:
SF:src/Backend/Models/Producto.model.ts
FNF:0
FNH:0
DA:2,2
DA:10,2
DA:14,2
DA:19,2
DA:25,2
DA:28,2
LF:6
LH:6
BRDA:14,0,0,2
BRDA:14,0,1,0
BRDA:14,1,0,2
BRDA:14,1,1,2
BRF:4
BRH:3
end_of_record
TN:
SF:src/Backend/middleware/indexWare.ts
FN:6,(anonymous_0)
FNF:1
FNH:1
FNDA:13,(anonymous_0)
DA:2,2
DA:6,2
DA:7,13
DA:8,13
DA:9,6
DA:11,7
LF:6
LH:6
BRDA:8,0,0,6
BRDA:8,0,1,7
BRF:2
BRH:2
end_of_record
